{"/Users/Gavin/codefellows/postGrad/languageTutor/src/setupTests.js": {"path":"/Users/Gavin/codefellows/postGrad/languageTutor/src/setupTests.js","statementMap":{"0":{"start":{"line":4,"column":0},"end":{"line":4,"column":38}}},"fnMap":{},"branchMap":{},"s":{"0":6},"f":{},"b":{},"_coverageSchema":"332fd63041d2c1bcb487cc26dd0d5f7d97098a6c","hash":"e2e9a1469777d37a2e3e2850f44e8382cc3a0776"}
,"/Users/Gavin/codefellows/postGrad/languageTutor/src/Actions/SessionActions.js": {"path":"/Users/Gavin/codefellows/postGrad/languageTutor/src/Actions/SessionActions.js","statementMap":{},"fnMap":{},"branchMap":{},"s":{},"f":{},"b":{}}
,"/Users/Gavin/codefellows/postGrad/languageTutor/src/Lib/app-create-store.js": {"path":"/Users/Gavin/codefellows/postGrad/languageTutor/src/Lib/app-create-store.js","statementMap":{"0":{"start":{"line":1,"column":13},"end":{"line":1,"column":75}},"1":{"start":{"line":1,"column":88},"end":{"line":1,"column":104}},"2":{"start":{"line":2,"column":15},"end":{"line":2,"column":36}},"3":{"start":{"line":2,"column":53},"end":{"line":2,"column":85}},"4":{"start":{"line":3,"column":18},"end":{"line":3,"column":42}},"5":{"start":{"line":3,"column":62},"end":{"line":3,"column":97}},"6":{"start":{"line":4,"column":21},"end":{"line":4,"column":48}},"7":{"start":{"line":4,"column":71},"end":{"line":4,"column":109}},"8":{"start":{"line":4,"column":148},"end":{"line":4,"column":202}},"9":{"start":{"line":6,"column":23},"end":{"line":7,"column":150}},"10":{"start":{"line":7,"column":0},"end":{"line":7,"column":150}},"11":{"start":{"line":7,"column":151},"end":{"line":9,"column":15}}},"fnMap":{"0":{"name":"_interopRequireDefault","decl":{"start":{"line":4,"column":119},"end":{"line":4,"column":141}},"loc":{"start":{"line":4,"column":147},"end":{"line":4,"column":203}},"line":4},"1":{"name":"(anonymous_1)","decl":{"start":{"line":6,"column":23},"end":{"line":6,"column":24}},"loc":{"start":{"line":7,"column":0},"end":{"line":7,"column":150}},"line":7}},"branchMap":{"0":{"loc":{"start":{"line":4,"column":155},"end":{"line":4,"column":201}},"type":"cond-expr","locations":[{"start":{"line":4,"column":179},"end":{"line":4,"column":182}},{"start":{"line":4,"column":185},"end":{"line":4,"column":201}}],"line":4},"1":{"loc":{"start":{"line":4,"column":155},"end":{"line":4,"column":176}},"type":"binary-expr","locations":[{"start":{"line":4,"column":155},"end":{"line":4,"column":158}},{"start":{"line":4,"column":162},"end":{"line":4,"column":176}}],"line":4}},"s":{"0":0,"1":0,"2":0,"3":0,"4":0,"5":0,"6":0,"7":0,"8":0,"9":0,"10":0,"11":0},"f":{"0":0,"1":0},"b":{"0":[0,0],"1":[0,0]}}
,"/Users/Gavin/codefellows/postGrad/languageTutor/src/Lib/redux-reporter.js": {"path":"/Users/Gavin/codefellows/postGrad/languageTutor/src/Lib/redux-reporter.js","statementMap":{"0":{"start":{"line":1,"column":13},"end":{"line":1,"column":75}},"1":{"start":{"line":1,"column":92},"end":{"line":13,"column":1}},"2":{"start":{"line":1,"column":101},"end":{"line":13,"column":1}},"3":{"start":{"line":1,"column":109},"end":{"line":13,"column":1}},"4":{"start":{"line":2,"column":2},"end":{"line":2,"column":36}},"5":{"start":{"line":4,"column":2},"end":{"line":12,"column":3}},"6":{"start":{"line":5,"column":19},"end":{"line":5,"column":31}},"7":{"start":{"line":6,"column":4},"end":{"line":6,"column":47}},"8":{"start":{"line":7,"column":4},"end":{"line":7,"column":18}},"9":{"start":{"line":9,"column":4},"end":{"line":9,"column":22}},"10":{"start":{"line":10,"column":4},"end":{"line":10,"column":34}},"11":{"start":{"line":11,"column":4},"end":{"line":11,"column":13}},"12":{"start":{"line":13,"column":2},"end":{"line":15,"column":9}}},"fnMap":{"0":{"name":"(anonymous_0)","decl":{"start":{"line":1,"column":92},"end":{"line":1,"column":93}},"loc":{"start":{"line":1,"column":101},"end":{"line":13,"column":1}},"line":1},"1":{"name":"(anonymous_1)","decl":{"start":{"line":1,"column":101},"end":{"line":1,"column":102}},"loc":{"start":{"line":1,"column":109},"end":{"line":13,"column":1}},"line":1},"2":{"name":"(anonymous_2)","decl":{"start":{"line":1,"column":109},"end":{"line":1,"column":110}},"loc":{"start":{"line":1,"column":119},"end":{"line":13,"column":1}},"line":1}},"branchMap":{},"s":{"0":0,"1":0,"2":0,"3":0,"4":0,"5":0,"6":0,"7":0,"8":0,"9":0,"10":0,"11":0,"12":0},"f":{"0":0,"1":0,"2":0},"b":{}}
,"/Users/Gavin/codefellows/postGrad/languageTutor/src/Lib/redux-thunk.js": {"path":"/Users/Gavin/codefellows/postGrad/languageTutor/src/Lib/redux-thunk.js","statementMap":{"0":{"start":{"line":1,"column":13},"end":{"line":1,"column":75}},"1":{"start":{"line":1,"column":75},"end":{"line":4,"column":13}},"2":{"start":{"line":1,"column":102},"end":{"line":4,"column":12}},"3":{"start":{"line":1,"column":110},"end":{"line":4,"column":12}},"4":{"start":{"line":2,"column":0},"end":{"line":4,"column":12}}},"fnMap":{"0":{"name":"(anonymous_0)","decl":{"start":{"line":1,"column":93},"end":{"line":1,"column":94}},"loc":{"start":{"line":1,"column":102},"end":{"line":4,"column":12}},"line":1},"1":{"name":"(anonymous_1)","decl":{"start":{"line":1,"column":102},"end":{"line":1,"column":103}},"loc":{"start":{"line":1,"column":110},"end":{"line":4,"column":12}},"line":1},"2":{"name":"(anonymous_2)","decl":{"start":{"line":1,"column":110},"end":{"line":1,"column":111}},"loc":{"start":{"line":2,"column":0},"end":{"line":4,"column":12}},"line":2}},"branchMap":{"0":{"loc":{"start":{"line":2,"column":0},"end":{"line":4,"column":12}},"type":"cond-expr","locations":[{"start":{"line":3,"column":0},"end":{"line":3,"column":38}},{"start":{"line":4,"column":0},"end":{"line":4,"column":12}}],"line":2}},"s":{"0":0,"1":0,"2":0,"3":0,"4":0},"f":{"0":0,"1":0,"2":0},"b":{"0":[0,0]}}
,"/Users/Gavin/codefellows/postGrad/languageTutor/src/Reducer/index.js": {"path":"/Users/Gavin/codefellows/postGrad/languageTutor/src/Reducer/index.js","statementMap":{"0":{"start":{"line":1,"column":13},"end":{"line":1,"column":75}},"1":{"start":{"line":1,"column":88},"end":{"line":1,"column":104}},"2":{"start":{"line":2,"column":15},"end":{"line":2,"column":35}},"3":{"start":{"line":2,"column":52},"end":{"line":2,"column":84}},"4":{"start":{"line":2,"column":123},"end":{"line":2,"column":177}},"5":{"start":{"line":2,"column":178},"end":{"line":5,"column":32}}},"fnMap":{"0":{"name":"_interopRequireDefault","decl":{"start":{"line":2,"column":94},"end":{"line":2,"column":116}},"loc":{"start":{"line":2,"column":122},"end":{"line":2,"column":178}},"line":2}},"branchMap":{"0":{"loc":{"start":{"line":2,"column":130},"end":{"line":2,"column":176}},"type":"cond-expr","locations":[{"start":{"line":2,"column":154},"end":{"line":2,"column":157}},{"start":{"line":2,"column":160},"end":{"line":2,"column":176}}],"line":2},"1":{"loc":{"start":{"line":2,"column":130},"end":{"line":2,"column":151}},"type":"binary-expr","locations":[{"start":{"line":2,"column":130},"end":{"line":2,"column":133}},{"start":{"line":2,"column":137},"end":{"line":2,"column":151}}],"line":2}},"s":{"0":0,"1":0,"2":0,"3":0,"4":0,"5":0},"f":{"0":0},"b":{"0":[0,0],"1":[0,0]}}
,"/Users/Gavin/codefellows/postGrad/languageTutor/src/Reducer/session.js": {"path":"/Users/Gavin/codefellows/postGrad/languageTutor/src/Reducer/session.js","statementMap":{"0":{"start":{"line":1,"column":13},"end":{"line":1,"column":75}},"1":{"start":{"line":1,"column":75},"end":{"line":15,"column":2}},"2":{"start":{"line":2,"column":9},"end":{"line":2,"column":20}},"3":{"start":{"line":2,"column":31},"end":{"line":2,"column":45}},"4":{"start":{"line":3,"column":2},"end":{"line":13,"column":20}},"5":{"start":{"line":5,"column":6},"end":{"line":5,"column":21}},"6":{"start":{"line":7,"column":6},"end":{"line":7,"column":33}},"7":{"start":{"line":9,"column":6},"end":{"line":9,"column":72}},"8":{"start":{"line":9,"column":31},"end":{"line":9,"column":70}},"9":{"start":{"line":11,"column":6},"end":{"line":11,"column":58}},"10":{"start":{"line":11,"column":34},"end":{"line":11,"column":56}},"11":{"start":{"line":13,"column":6},"end":{"line":13,"column":19}}},"fnMap":{"0":{"name":"(anonymous_0)","decl":{"start":{"line":1,"column":93},"end":{"line":1,"column":94}},"loc":{"start":{"line":1,"column":117},"end":{"line":15,"column":1}},"line":1},"1":{"name":"(anonymous_1)","decl":{"start":{"line":9,"column":23},"end":{"line":9,"column":24}},"loc":{"start":{"line":9,"column":31},"end":{"line":9,"column":70}},"line":9},"2":{"name":"(anonymous_2)","decl":{"start":{"line":11,"column":26},"end":{"line":11,"column":27}},"loc":{"start":{"line":11,"column":34},"end":{"line":11,"column":56}},"line":11}},"branchMap":{"0":{"loc":{"start":{"line":1,"column":94},"end":{"line":1,"column":104}},"type":"default-arg","locations":[{"start":{"line":1,"column":102},"end":{"line":1,"column":104}}],"line":1},"1":{"loc":{"start":{"line":3,"column":2},"end":{"line":13,"column":20}},"type":"switch","locations":[{"start":{"line":4,"column":4},"end":{"line":5,"column":21}},{"start":{"line":6,"column":4},"end":{"line":7,"column":33}},{"start":{"line":8,"column":4},"end":{"line":9,"column":72}},{"start":{"line":10,"column":4},"end":{"line":11,"column":58}},{"start":{"line":12,"column":4},"end":{"line":13,"column":19}}],"line":3},"2":{"loc":{"start":{"line":9,"column":31},"end":{"line":9,"column":70}},"type":"cond-expr","locations":[{"start":{"line":9,"column":56},"end":{"line":9,"column":63}},{"start":{"line":9,"column":66},"end":{"line":9,"column":70}}],"line":9}},"s":{"0":0,"1":0,"2":0,"3":0,"4":0,"5":0,"6":0,"7":0,"8":0,"9":0,"10":0,"11":0},"f":{"0":0,"1":0,"2":0},"b":{"0":[0],"1":[0,0,0,0,0],"2":[0,0]}}
}
